[debug] [2017-06-17T16:48:46.684Z] ----------------------------------------------------------------------
[debug] [2017-06-17T16:48:46.687Z] Command:      /usr/local/bin/node /usr/local/bin/firebase serve
[debug] [2017-06-17T16:48:46.688Z] CLI Version:  3.9.1
[debug] [2017-06-17T16:48:46.688Z] Platform:     darwin
[debug] [2017-06-17T16:48:46.688Z] Node Version: v4.6.0
[debug] [2017-06-17T16:48:46.689Z] Time:         Sat Jun 17 2017 12:48:46 GMT-0400 (EDT)
[debug] [2017-06-17T16:48:46.689Z] ----------------------------------------------------------------------
[debug] 
[debug] [2017-06-17T16:48:46.701Z] > command requires scopes: ["email","openid","https://www.googleapis.com/auth/cloudplatformprojects.readonly","https://www.googleapis.com/auth/firebase","https://www.googleapis.com/auth/cloud-platform"]
[debug] [2017-06-17T16:48:46.702Z] > authorizing via signed-in user
[debug] [2017-06-17T16:48:46.704Z] >>> HTTP REQUEST GET https://admin.firebase.com/v1/projects/hackingforgood-bba02  
 Sat Jun 17 2017 12:48:46 GMT-0400 (EDT)
[debug] [2017-06-17T16:48:47.081Z] <<< HTTP RESPONSE 200
[debug] [2017-06-17T16:48:47.082Z] >>> HTTP REQUEST GET https://admin.firebase.com/v1/database/hackingforgood-bba02/tokens  
 Sat Jun 17 2017 12:48:47 GMT-0400 (EDT)
[debug] [2017-06-17T16:48:47.391Z] <<< HTTP RESPONSE 200
[info] 
[info] === Serving from '/Users/danielsampetethiyagu/github/HackU/web-start'...
[info] 
[debug] [2017-06-17T16:48:47.394Z] >>> HTTP REQUEST GET https://cloudresourcemanager.googleapis.com/v1/projects/hackingforgood-bba02  
 Sat Jun 17 2017 12:48:47 GMT-0400 (EDT)
[debug] [2017-06-17T16:48:47.616Z] <<< HTTP RESPONSE 200
[debug] [2017-06-17T16:48:47.617Z] >>> HTTP REQUEST GET https://mobilesdk-pa.googleapis.com/v1/projects/409165290677/clients/_:getWebAppConfig  
 Sat Jun 17 2017 12:48:47 GMT-0400 (EDT)
[debug] [2017-06-17T16:48:48.093Z] <<< HTTP RESPONSE 200
[info] i  hosting: Serving hosting files from: ./
[info] ✔  hosting: Local server: http://localhost:5000

